"../../../Engine/Content/ArtTools/RenderToTexture/Enums/RenderToTexture_Enum.uasset" 0
"../../../Engine/Content/ArtTools/RenderToTexture/Enums/RenderToTexture_Flipbook_Enum.uasset" 1
"../../../Engine/Content/ArtTools/RenderToTexture/Enums/RenderToTexture_Imposter_Enum.uasset" 2
"../../../Engine/Content/EditorBlueprintResources/StandardMacros.uasset" 3
"../../../Engine/Content/ArtTools/RenderToTexture/Enums/EIntTypes.uasset" 4
"../../../Engine/Content/ArtTools/RenderToTexture/Macros/RenderToTextureFunctionLibrary.uasset" 5
"../../../Engine/Content/ArtTools/RenderToTexture/Enums/EFloatTypes.uasset" 6
"../../../Engine/Content/ArtTools/RenderToTexture/Macros/RenderToTextureMacros.uasset" 7
"../../../Engine/Content/Functions/Engine_MaterialFunctions01/Opacity/CameraDepthFade.uasset" 8
"../../../Engine/Content/EngineMaterials/T_Default_Material_Grid_M.uasset" 9
"../../../Engine/Content/EngineMaterials/T_Default_Material_Grid_N.uasset" 10
"../../../Engine/Content/EngineMaterials/WorldGridMaterial.uasset" 11
"../../../Engine/Content/ArtTools/RenderToTexture/Meshes/S_1_Unit_Plane.uasset" 12
"../../../Engine/Content/EngineMaterials/DefaultMaterial.uasset" 13
"../../../Engine/Content/BasicShapes/Cone.uasset" 14
"../../../Engine/Content/BasicShapes/Cube.uasset" 15
"../../../Engine/Content/BasicShapes/Cylinder.uasset" 16
"../../../Engine/Content/BasicShapes/Plane.uasset" 17
"../../../Engine/Content/EngineMaterials/DefaultPhysicalMaterial.uasset" 18
"../../../Engine/Content/BufferVisualization/AmbientOcclusion.uasset" 19
"../../../Engine/Content/BufferVisualization/BaseColor.uasset" 20
"../../../Engine/Content/BufferVisualization/CustomDepth.uasset" 21
"../../../Engine/Content/Functions/Engine_MaterialFunctions02/Utility/VectorLength.uasset" 22
"../../../Engine/Content/BufferVisualization/CustomDepthWorldUnits.uasset" 23
"../../../Engine/Content/Functions/Engine_MaterialFunctions02/Utility/BreakOutFloat2Components.uasset" 24
"../../../Engine/Content/Functions/Engine_MaterialFunctions01/Texturing/ScaleUVsByCenter.uasset" 25
"../../../Engine/Content/Functions/Engine_MaterialFunctions02/ScreenResolution.uasset" 26
"../../../Engine/Content/Functions/Engine_MaterialFunctions02/Texturing/ScreenAlignedUVs.uasset" 27
"../../../Engine/Content/Functions/Engine_MaterialFunctions02/Utility/MakeFloat2.uasset" 28
"../../../Engine/Content/Functions/Engine_MaterialFunctions02/Utility/MakeFloat3.uasset" 29
"../../../Engine/Content/EngineMaterials/MiniFont.uasset" 30
"../../../Engine/Content/BufferVisualization/CustomStencil.uasset" 31
"../../../Engine/Content/BufferVisualization/FinalImage.uasset" 32
"../../../Engine/Content/BufferVisualization/LightingModel.uasset" 33
"../../../Engine/Content/BufferVisualization/MaterialAO.uasset" 34
"../../../Engine/Content/BufferVisualization/Metallic.uasset" 35
"../../../Engine/Content/BufferVisualization/Opacity.uasset" 36
"../../../Engine/Content/BufferVisualization/PostTonemapHDRColor.uasset" 37
"../../../Engine/Content/BufferVisualization/PreTonemapHDRColor.uasset" 38
"../../../Engine/Content/BufferVisualization/Roughness.uasset" 39
"../../../Engine/Content/BufferVisualization/SceneColor.uasset" 40
"../../../Engine/Content/BufferVisualization/SceneDepth.uasset" 41
"../../../Engine/Content/BufferVisualization/SceneDepthWorldUnits.uasset" 42
"../../../Engine/Content/BufferVisualization/SeparateTranslucencyA.uasset" 43
"../../../Engine/Content/BufferVisualization/SeparateTranslucencyRGB.uasset" 44
"../../../Engine/Content/BufferVisualization/Specular.uasset" 45
"../../../Engine/Content/BufferVisualization/SubsurfaceColor.uasset" 46
"../../../Engine/Content/BufferVisualization/WorldNormal.uasset" 47
"../../../Engine/Content/EditorLandscapeResources/DataLayer.uasset" 48
"../../../Engine/Content/EditorLandscapeResources/DefaultAlphaTexture.uasset" 49
"../../../Engine/Content/EditorLandscapeResources/LandscapeGizmoHeight_Mat.uasset" 50
"../../../Engine/Content/EditorLandscapeResources/LandscapeGizmo_Mat.uasset" 51
"../../../Engine/Content/EditorLandscapeResources/LandscapeGizmo_Mat_Copied.uasset" 52
"../../../Engine/Content/EditorLandscapeResources/SplineEditorMeshMat.uasset" 53
"../../../Engine/Content/EditorLandscapeResources/SplineEditorMesh.uasset" 54
"../../../Engine/Content/EditorMaterials/Cross.uasset" 55
"../../../Engine/Content/EditorMaterials/Cross_Mat.uasset" 56
"../../../Engine/Content/EditorMaterials/GizmoMaterial.uasset" 57
"../../../Engine/Content/Functions/Engine_MaterialFunctions02/Utility/Sign.uasset" 58
"../../../Engine/Content/Functions/Engine_MaterialFunctions02/Utility/Round.uasset" 59
"../../../Engine/Content/Functions/Engine_MaterialFunctions02/ExampleContent/Textures/flipbook.uasset" 60
"../../../Engine/Content/Functions/Engine_MaterialFunctions02/Texturing/FlipBook.uasset" 61
"../../../Engine/Content/EditorResources/T_EditorHelp.uasset" 62
"../../../Engine/Content/EditorMaterials/HelpActorMaterial.uasset" 63
"../../../Engine/Content/EditorMaterials/CompositeARGBLayer.uasset" 64
"../../../Engine/Content/EditorMaterials/TilingAALineIntegral.uasset" 65
"../../../Engine/Content/EditorMaterials/TilingAALineBoxFiltered.uasset" 66
"../../../Engine/Content/Functions/Engine_MaterialFunctions03/Procedurals/ComputeFilterWidth.uasset" 67
"../../../Engine/Content/EditorMaterials/TilingAADots.uasset" 68
"../../../Engine/Content/EditorMaterials/Cascade/CASC_Cross.uasset" 69
"../../../Engine/Content/EditorMaterials/Cascade/CASC_None.uasset" 70
"../../../Engine/Content/Functions/Engine_MaterialFunctions03/Blends/Blend_Screen.uasset" 71
"../../../Engine/Content/EditorMaterials/TilingAAGrid.uasset" 72
"../../../Engine/Content/EditorMaterials/LevelGridMaterial.uasset" 73
"../../../Engine/Content/EditorMaterials/MakeCompositeARGBLayer.uasset" 74
"../../../Engine/Content/EditorResources/LevelGrid1DStripes.uasset" 75
"../../../Engine/Content/EditorMaterials/TextureGridCascaded1D.uasset" 76
"../../../Engine/Content/EditorMaterials/TextureGridCascaded2D.uasset" 77
"../../../Engine/Content/EditorMaterials/LevelGridMaterial2.uasset" 78
"../../../Engine/Content/EditorMaterials/MAT_Groups_Toggle.uasset" 79
"../../../Engine/Content/EditorMaterials/MAT_Groups_Visibility.uasset" 80
"../../../Engine/Content/EditorMaterials/AntialiasedGridFloor.uasset" 81
"../../../Engine/Content/EditorResources/TilePatine_D.uasset" 82
"../../../Engine/Content/EditorResources/TilePatine_N.uasset" 83
"../../../Engine/Content/EngineMaterials/Grid.uasset" 84
"../../../Engine/Content/EditorMaterials/PersonaFloorMat.uasset" 85
"../../../Engine/Content/EditorMaterials/PhAT_BoneSelectedMaterial.uasset" 86
"../../../Engine/Content/EditorMaterials/PhAT_ElemSelectedMaterial.uasset" 87
"../../../Engine/Content/EditorMaterials/PhAT_NoCollisionMaterial.uasset" 88
"../../../Engine/Content/EditorMaterials/PhAT_UnselectedMaterial.uasset" 89
"../../../Engine/Content/EditorMaterials/PreviewShadowIndicator.uasset" 90
"../../../Engine/Content/EditorMaterials/PreviewShadowIndicatorMaterial.uasset" 91
"../../../Engine/Content/EditorMaterials/TargetIcon.uasset" 92
"../../../Engine/Content/EditorMaterials/Tick.uasset" 93
"../../../Engine/Content/EditorMaterials/Tick_Mat.uasset" 94
"../../../Engine/Content/EditorMaterials/WidgetGridVertexColorMaterial.uasset" 95
"../../../Engine/Content/EditorMaterials/WidgetGridVertexColorMaterial_Ma.uasset" 96
"../../../Engine/Content/EditorMaterials/WidgetMaterial.uasset" 97
"../../../Engine/Content/EditorMaterials/WidgetMaterial_Current.uasset" 98
"../../../Engine/Content/EditorMaterials/WidgetMaterial_X.uasset" 99
"../../../Engine/Content/EditorMaterials/WidgetMaterial_Y.uasset" 100
"../../../Engine/Content/EditorMaterials/WidgetMaterial_Z.uasset" 101
"../../../Engine/Content/EditorMaterials/WidgetVertexColorMaterial.uasset" 102
"../../../Engine/Content/EditorMaterials/MatineeGroups/MAT_ColorTrack.uasset" 103
"../../../Engine/Content/EditorMaterials/MatineeGroups/MAT_Groups_Anim.uasset" 104
"../../../Engine/Content/EditorMaterials/MatineeGroups/MAT_Groups_AudioMaster.uasset" 105
"../../../Engine/Content/EditorMaterials/MatineeGroups/MAT_Groups_Director.uasset" 106
"../../../Engine/Content/EditorMaterials/MatineeGroups/MAT_Groups_Event.uasset" 107
"../../../Engine/Content/EditorMaterials/MatineeGroups/MAT_Groups_Fade.uasset" 108
"../../../Engine/Content/EditorMaterials/MatineeGroups/MAT_Groups_Float.uasset" 109
"../../../Engine/Content/EditorMaterials/MatineeGroups/MAT_Groups_Move.uasset" 110
"../../../Engine/Content/EditorMaterials/MatineeGroups/MAT_Groups_Slomo.uasset" 111
"../../../Engine/Content/EditorMaterials/MatineeGroups/MAT_Groups_Sound.uasset" 112
"../../../Engine/Content/EditorMaterials/MatineeGroups/MAT_Groups_Vector.uasset" 113
"../../../Engine/Content/EditorMaterials/ParticleSystems/PSysThumbnail_NoImage.uasset" 114
"../../../Engine/Content/EditorMaterials/ParticleSystems/PSysThumbnail_OOD.uasset" 115
"../../../Engine/Content/EditorMaterials/Thumbnails/FloorPlaneMaterial.uasset" 116
"../../../Engine/Content/EditorMeshes/EditorCube.uasset" 117
"../../../Engine/Content/EditorMeshes/EditorCylinder.uasset" 118
"../../../Engine/Content/EditorMeshes/EditorPlane.uasset" 119
"../../../Engine/Content/EditorMaterials/Thumbnails/SkySphereMaterial.uasset" 120
"../../../Engine/Content/EditorMeshes/EditorSkySphere.uasset" 121
"../../../Engine/Content/EditorMeshes/EditorSphere.uasset" 122
"../../../Engine/Content/EditorResources/MatineeCam_D.uasset" 123
"../../../Engine/Content/EditorMaterials/MatineeCam_mat.uasset" 124
"../../../Engine/Content/EditorMeshes/MatineeCam_SM.uasset" 125
"../../../Engine/Content/Functions/Engine_MaterialFunctions01/Shading/ConvertFromDiffSpec.uasset" 126
"../../../Engine/Content/EditorMaterials/GridMaterial.uasset" 127
"../../../Engine/Content/EditorMeshes/PhAT_FloorBox.uasset" 128
"../../../Engine/Content/EditorMaterials/Camera/CineMat.uasset" 129
"../../../Engine/Content/EditorMaterials/Camera/MI_CineMat_CameraBody.uasset" 130
"../../../Engine/Content/EngineDebugMaterials/M_SimpleOpaque.uasset" 131
"../../../Engine/Content/EditorMaterials/Camera/MI_CineMat_CamViewFinder.uasset" 132
"../../../Engine/Content/EditorMeshes/Camera/SM_CineCam.uasset" 133
"../../../Engine/Content/EditorMaterials/Camera/MI_CineMat_Rig.uasset" 134
"../../../Engine/Content/EditorMeshes/Camera/SM_CraneRig_Arm.uasset" 135
"../../../Engine/Content/EditorMeshes/Camera/SM_CraneRig_Base.uasset" 136
"../../../Engine/Content/EditorMeshes/Camera/SM_CraneRig_Body.uasset" 137
"../../../Engine/Content/EditorMeshes/Camera/SM_CraneRig_Mount.uasset" 138
"../../../Engine/Content/EditorMeshes/Camera/SM_RailRig_Mount.uasset" 139
"../../../Engine/Content/EditorMeshes/Camera/SM_RailRig_Track.uasset" 140
"../../../Engine/Content/EditorMeshes/ColorCalibrator/M_ChromeBall.uasset" 141
"../../../Engine/Content/EditorMeshes/ColorCalibrator/M_ClearCoat.uasset" 142
"../../../Engine/Content/EditorMeshes/ColorCalibrator/M_ClearCoatBlack.uasset" 143
"../../../Engine/Content/EditorMeshes/ColorCalibrator/Color_checker.uasset" 144
"../../../Engine/Content/EditorMeshes/ColorCalibrator/M_ColorGrid.uasset" 145
"../../../Engine/Content/EditorMeshes/ColorCalibrator/M_GreyBall.uasset" 146
"../../../Engine/Content/EditorMeshes/ColorCalibrator/SM_ColorCalibrator.uasset" 147
"../../../Engine/Content/EditorResources/Bad.uasset" 148
"../../../Engine/Content/EditorResources/BSPVertex.uasset" 149
"../../../Engine/Content/EditorResources/EmptyActor.uasset" 150
"../../../Engine/Content/EditorResources/MatInstActSprite.uasset" 151
"../../../Engine/Content/EditorResources/SceneManager.uasset" 152
"../../../Engine/Content/EditorResources/SmallFont.uasset" 153
"../../../Engine/Content/EditorResources/S_Actor.uasset" 154
"../../../Engine/Content/EditorResources/S_DecalActorIcon.uasset" 155
"../../../Engine/Content/EditorResources/S_Emitter.uasset" 156
"../../../Engine/Content/EditorResources/S_ExpoHeightFog.uasset" 157
"../../../Engine/Content/EditorResources/S_FTest.uasset" 158
"../../../Engine/Content/EditorResources/S_KBSJoint.uasset" 159
"../../../Engine/Content/EditorResources/S_KHinge.uasset" 160
"../../../Engine/Content/EditorResources/S_KPrismatic.uasset" 161
"../../../Engine/Content/EditorResources/S_LevelSequence.uasset" 162
"../../../Engine/Content/EditorResources/S_NavP.uasset" 163
"../../../Engine/Content/EditorResources/S_Note.uasset" 164
"../../../Engine/Content/EditorResources/S_Player.uasset" 165
"../../../Engine/Content/EditorResources/S_PortalActorIcon2.uasset" 166
"../../../Engine/Content/EditorResources/S_RadForce.uasset" 167
"../../../Engine/Content/EditorResources/S_ReflActorIcon.uasset" 168
"../../../Engine/Content/EditorResources/S_Terrain.uasset" 169
"../../../Engine/Content/EditorResources/S_TextRenderActorIcon.uasset" 170
"../../../Engine/Content/EditorResources/S_Thruster.uasset" 171
"../../../Engine/Content/EditorResources/S_Trigger.uasset" 172
"../../../Engine/Content/EditorResources/S_VectorFieldVol.uasset" 173
"../../../Engine/Content/EditorResources/S_WindDirectional.uasset" 174
"../../../Engine/Content/EditorResources/AI/S_NavLink.uasset" 175
"../../../Engine/Content/EditorResources/LightIcons/SkyLight.uasset" 176
"../../../Engine/Content/EditorResources/LightIcons/S_LightDirectional.uasset" 177
"../../../Engine/Content/EditorResources/LightIcons/S_LightDirectionalMove.uasset" 178
"../../../Engine/Content/EditorResources/LightIcons/S_LightError.uasset" 179
"../../../Engine/Content/EditorResources/LightIcons/S_LightPoint.uasset" 180
"../../../Engine/Content/EditorResources/LightIcons/S_LightPointMove.uasset" 181
"../../../Engine/Content/EditorResources/LightIcons/S_LightSpot.uasset" 182
"../../../Engine/Content/EditorResources/LightIcons/S_LightSpotMove.uasset" 183
"../../../Engine/Content/EditorResources/SequenceRecorder/Countdown.uasset" 184
"../../../Engine/Content/EditorResources/SequenceRecorder/RecordingIndicator.uasset" 185
"../../../Engine/Content/EditorResources/Spline/T_Loft_Spline.uasset" 186
"../../../Engine/Content/EditorSounds/Notifications/CompileFailed.uasset" 187
"../../../Engine/Content/EditorSounds/Notifications/CompileFailed_Cue.uasset" 188
"../../../Engine/Content/EditorSounds/Notifications/CompileSuccess.uasset" 189
"../../../Engine/Content/EditorSounds/Notifications/CompileStart_Cue.uasset" 190
"../../../Engine/Content/EditorSounds/Notifications/CompileSuccess_Cue.uasset" 191
"../../../Engine/Content/EngineDamageTypes/DmgTypeBP_Environmental.uasset" 192
"../../../Engine/Content/EngineDebugMaterials/HeatmapGradient.uasset" 193
"../../../Engine/Content/EngineDebugMaterials/BoneWeightMaterial.uasset" 194
"../../../Engine/Content/EngineDebugMaterials/ClothMaterial.uasset" 195
"../../../Engine/Content/EngineDebugMaterials/ClothMaterial_WF.uasset" 196
"../../../Engine/Content/EngineDebugMaterials/DebugEditorMaterial.uasset" 197
"../../../Engine/Content/EngineDebugMaterials/DebugMeshMaterial.uasset" 198
"../../../Engine/Content/EngineDebugMaterials/GeomMaterial.uasset" 199
"../../../Engine/Content/EngineDebugMaterials/LevelColorationLitMaterial.uasset" 200
"../../../Engine/Content/EngineDebugMaterials/LevelColorationUnlitMaterial.uasset" 201
"../../../Engine/Content/EngineMaterials/DefaultWhiteGrid.uasset" 202
"../../../Engine/Content/EngineDebugMaterials/MAT_LevelColorationLitLightmapUV.uasset" 203
"../../../Engine/Content/EngineDebugMaterials/M_SimpleTranslucent.uasset" 204
"../../../Engine/Content/EngineDebugMaterials/ShadedLevelColorationLitMaterial.uasset" 205
"../../../Engine/Content/EngineDebugMaterials/ShadedLevelColorationUnlitMateri.uasset" 206
"../../../Engine/Content/EngineDebugMaterials/VertexColorMaterial.uasset" 207
"../../../Engine/Content/EngineDebugMaterials/VertexColorViewMode_AlphaAsColor.uasset" 208
"../../../Engine/Content/EngineDebugMaterials/VertexColorViewMode_BlueOnly.uasset" 209
"../../../Engine/Content/EngineDebugMaterials/VertexColorViewMode_ColorOnly.uasset" 210
"../../../Engine/Content/EngineDebugMaterials/VertexColorViewMode_GreenOnly.uasset" 211
"../../../Engine/Content/EngineDebugMaterials/VertexColorViewMode_RedOnly.uasset" 212
"../../../Engine/Content/EngineDebugMaterials/WireframeMaterial.uasset" 213
"../../../Engine/Content/EngineFonts/Faces/RobotoBold.uasset" 214
"../../../Engine/Content/EngineFonts/Faces/RobotoBoldItalic.uasset" 215
"../../../Engine/Content/EngineFonts/Faces/RobotoItalic.uasset" 216
"../../../Engine/Content/EngineFonts/Faces/RobotoLight.uasset" 217
"../../../Engine/Content/EngineFonts/Faces/RobotoRegular.uasset" 218
"../../../Engine/Content/EngineFonts/Roboto.uasset" 219
"../../../Engine/Content/EngineFonts/Faces/RobotoTiny.uasset" 220
"../../../Engine/Content/EngineFonts/RobotoTiny.uasset" 221
"../../../Engine/Content/EngineFonts/SmallFont.uasset" 222
"../../../Engine/Content/EngineFonts/TinyFont.uasset" 223
"../../../Engine/Content/EngineResources/WhiteSquareTexture.uasset" 224
"../../../Engine/Content/EngineMaterials/BlinkingCaret.uasset" 225
"../../../Engine/Content/EngineMaterials/DefaultBloomKernel.uasset" 226
"../../../Engine/Content/EngineMaterials/DefaultBokeh.uasset" 227
"../../../Engine/Content/EngineMaterials/DefaultDiffuse.uasset" 228
"../../../Engine/Content/EngineMaterials/DefaultDeferredDecalMaterial.uasset" 229
"../../../Engine/Content/EngineMaterials/DefaultLightFunctionMaterial.uasset" 230
"../../../Engine/Content/EngineMaterials/DefaultNormal.uasset" 231
"../../../Engine/Content/EngineMaterials/DefaultPostProcessMaterial.uasset" 232
"../../../Engine/Content/EngineFonts/RobotoDistanceField.uasset" 233
"../../../Engine/Content/EngineMaterials/DefaultTextMaterialOpaque.uasset" 234
"../../../Engine/Content/EngineMaterials/EditorBrushMaterial.uasset" 235
"../../../Engine/Content/EngineMaterials/Good64x64TilingNoiseHighFreq.uasset" 236
"../../../Engine/Content/EngineMaterials/Grid_N.uasset" 237
"../../../Engine/Content/EngineMaterials/HighResolutionScreenshotMaskFunction.uasset" 238
"../../../Engine/Content/EngineMaterials/HighResScreenshot.uasset" 239
"../../../Engine/Content/EngineMaterials/HighResScreenshotCaptureRegion.uasset" 240
"../../../Engine/Content/EngineMaterials/HighResScreenshotMask.uasset" 241
"../../../Engine/Content/EngineMaterials/LandscapeHolePhysicalMaterial.uasset" 242
"../../../Engine/Content/EngineMaterials/InvalidLightmapSettings.uasset" 243
"../../../Engine/Content/EngineMaterials/M_InvalidLightmapSettings.uasset" 244
"../../../Engine/Content/EngineMaterials/PaperDiffuse.uasset" 245
"../../../Engine/Content/EngineMaterials/PaperNormal.uasset" 246
"../../../Engine/Content/Functions/Engine_MaterialFunctions02/WorldPositionOffset/CameraOffset.uasset" 247
"../../../Engine/Content/EngineMaterials/PhAT_JointLimitMaterial.uasset" 248
"../../../Engine/Content/EngineMaterials/PhysMat_Rubber.uasset" 249
"../../../Engine/Content/EngineMaterials/PreintegratedSkinBRDF.uasset" 250
"../../../Engine/Content/EngineMaterials/RemoveSurfaceMaterial.uasset" 251
"../../../Engine/Content/EngineMaterials/WeightMapPlaceholderTexture.uasset" 252
"../../../Engine/Content/EngineMaterials/Widget3DPassThrough.uasset" 253
"../../../Engine/Content/EngineMaterials/Widget3DPassThrough_Masked.uasset" 254
"../../../Engine/Content/EngineMaterials/Widget3DPassThrough_Opaque.uasset" 255
"../../../Engine/Content/EngineMaterials/Widget3DPassThrough_Masked_OneSided.uasset" 256
"../../../Engine/Content/EngineMaterials/Widget3DPassThrough_Opaque_OneSided.uasset" 257
"../../../Engine/Content/EngineMaterials/Widget3DPassThrough_Translucent.uasset" 258
"../../../Engine/Content/EngineMaterials/Widget3DPassThrough_Translucent_OneSided.uasset" 259
"../../../Engine/Content/EngineMeshes/Cube.uasset" 260
"../../../Engine/Content/EngineMeshes/Cylinder.uasset" 261
"../../../Engine/Content/EngineMeshes/Sphere.uasset" 262
"../../../Engine/Content/EngineResources/Black.uasset" 263
"../../../Engine/Content/EngineResources/DefaultTexture.uasset" 264
"../../../Engine/Content/EngineResources/DefaultTextureCube.uasset" 265
"../../../Engine/Content/EngineResources/GradientTexture0.uasset" 266
"../../../Engine/Content/EngineResources/StreamingPauseIcon.uasset" 267
"../../../Engine/Content/EngineResources/M_StreamingPause.uasset" 268
"../../../Engine/Content/EngineSounds/Master.uasset" 269
"../../../Engine/Content/Functions/Engine_MaterialFunctions01/Shading/PowerToRoughness.uasset" 270
"../../../Engine/Content/Maps/Templates/Thumbnails/Default.uasset" 271
"../../../Engine/Content/Maps/Templates/Thumbnails/VR-Basic.uasset" 272
"../../../Engine/Content/MapTemplates/Sky/DaylightAmbientCubemap.uasset" 273
"../../../Engine/Content/MobileResources/T_MobileControls_texture.uasset" 274
"../../../Engine/Content/MobileResources/T_MobileMenu2.uasset" 275
"../../../Engine/Content/MobileResources/HUD/AnalogHat.uasset" 276
"../../../Engine/Content/MobileResources/HUD/VirtualJoystick_Background.uasset" 277
"../../../Engine/Content/MobileResources/HUD/VirtualJoystick_Thumb.uasset" 278
"../../../Engine/Content/MobileResources/HUD/DefaultVirtualJoysticks.uasset" 279
"../../../Engine/Content/MobileResources/HUD/LeftVirtualJoystickOnly.uasset" 280
"../../../Engine/Content/MobileResources/HUD/MobileHUDButton1_off.uasset" 281
"../../../Engine/Content/MobileResources/HUD/MobileHUDButton1_on.uasset" 282
"../../../Engine/Content/MobileResources/HUD/MobileHUDButton2_off.uasset" 283
"../../../Engine/Content/MobileResources/HUD/MobileHUDButton2_on.uasset" 284
"../../../Engine/Content/MobileResources/HUD/MobileHUDButton3.uasset" 285
"../../../Engine/Content/MobileResources/HUD/MobileHUDButtonFire.uasset" 286
"../../../Engine/Content/MobileResources/HUD/MobileHUDDirectionPad.uasset" 287
"../../../Engine/Content/MobileResources/HUD/MobileHUDDirectionPad2.uasset" 288
"../../../Engine/Content/MobileResources/HUD/MobileHUDDirectionPad3.uasset" 289
"../../../Engine/Content/MobileResources/HUD/MobileHUDDirectionStick.uasset" 290
"../../../Engine/Content/MobileResources/HUD/T_Castle_ThumbstickInner.uasset" 291
"../../../Engine/Content/MobileResources/HUD/T_Castle_ThumbstickOutter.uasset" 292
"../../../Engine/Content/Tutorial/ContentIntroCurve.uasset" 293
"../../../Engine/Content/Tutorial/Basics/TutorialAssets/icon_tab_Levels_40x.uasset" 294
"../../../Engine/Content/Tutorial/BlueprintTutorials/TutorialAssets/BlueprintInterface_64x.uasset" 295
"../../../Engine/Content/Tutorial/BlueprintTutorials/TutorialAssets/BlueprintMacroLibrary_64x.uasset" 296
"../../../Engine/Content/Tutorial/BlueprintTutorials/TutorialAssets/Blueprint_64x.uasset" 297
"../../../Engine/Content/Tutorial/BlueprintTutorials/TutorialAssets/Tutorial_BP_Interface.uasset" 298
"../../../Engine/Content/Tutorial/Foliage/TutorialAssets/Foliage.uasset" 299
"../../../Engine/Content/Tutorial/Landscape/TutorialAssets/Landscape.uasset" 300
"../../../Engine/Content/Tutorial/Paper2D/TutorialAssets/Paper2DFlipbook_TutorialIcon.uasset" 301
"../../../Engine/Content/Tutorial/Paper2D/TutorialAssets/Paper2DSprite_TutorialIcon.uasset" 302
"../../../Engine/Content/Tutorial/SubEditors/TutorialAssets/icon_Editor_Preferences_General_40x.uasset" 303
"../../../Engine/Content/Tutorial/SubEditors/TutorialAssets/icon_ShowSkeletalMeshes_40x.uasset" 304
"../../../Engine/Content/Tutorial/SubEditors/TutorialAssets/TutorialMaterial.uasset" 305
"../../../Engine/Content/Tutorial/SubEditors/TutorialAssets/T_SmokeSubUV_8X8.uasset" 306
"../../../Engine/Content/Tutorial/SubEditors/TutorialAssets/T_soft_smoke.uasset" 307
"../../../Engine/Content/Tutorial/SubEditors/TutorialAssets/M_smoke_subUV_blackbody.uasset" 308
"../../../Engine/Content/Tutorial/SubEditors/TutorialAssets/TutorialParticleSystem.uasset" 309
"../../../Engine/Content/VREditor/Devices/Generic/GenericHMDMaterial.uasset" 310
"../../../Engine/Content/VREditor/Devices/Generic/GenericHMD.uasset" 311
"../../../Engine/Content/VREditor/FloatingText/LineMaterial.uasset" 312
"../../../Engine/Content/VREditor/FloatingText/JointSphere.uasset" 313
"../../../Engine/Content/VREditor/FloatingText/LineSegmentCylinder.uasset" 314
"../../../Engine/Content/VREditor/Fonts/VRText_RobotoLarge.uasset" 315
"../../../Engine/Content/VREditor/Fonts/VRTextMaterial.uasset" 316
"../../../Engine/Content/VREditor/Fonts/TranslucentVRTextMaterial.uasset" 317
"../../../Engine/Content/VREditor/LaserPointer/CursorPointer.uasset" 318
"../../../Engine/Content/VREditor/LaserPointer/VR_LaserPower_01.uasset" 319
"../../../Engine/Content/VREditor/TransformGizmo/TransformGizmoMaterial.uasset" 320
"../../../Engine/Content/VREditor/LaserPointer/HoverMaterial.uasset" 321
"../../../Engine/Content/VREditor/TransformGizmo/TranslucentTransformGizmoMaterial.uasset" 322
"../../../Engine/Content/VREditor/LaserPointer/TranslucentHoverMaterial.uasset" 323
"../../../Engine/Content/VREditor/LaserPointer/HoverMesh.uasset" 324
"../../../Engine/Content/VREditor/LaserPointer/LaserPointerMaterial.uasset" 325
"../../../Engine/Content/VREditor/LaserPointer/LaserPointerMaterialInst.uasset" 326
"../../../Engine/Content/VREditor/LaserPointer/TranslucentLaserPointerMaterialInst.uasset" 327
"../../../Engine/Content/VREditor/LaserPointer/LaserPointerMesh.uasset" 328
"../../../Engine/Content/VREditor/LaserPointer/LaserPointerMesh_End.uasset" 329
"../../../Engine/Content/VREditor/LaserPointer/LaserPointerMesh_Start.uasset" 330
"../../../Engine/Content/Functions/Engine_MaterialFunctions02/Utility/BreakOutFloat3Components.uasset" 331
"../../../Engine/Content/Functions/Engine_MaterialFunctions02/Math/Transform3x3Matrix.uasset" 332
"../../../Engine/Content/Functions/Engine_MaterialFunctions02/SplitComponents.uasset" 333
"../../../Engine/Content/VREditor/SnapGrid/SnapGridMaterial.uasset" 334
"../../../Engine/Content/VREditor/SnapGrid/SnapGridPlaneMesh.uasset" 335
"../../../Engine/Content/VREditor/Sounds/VR_teleport.uasset" 336
"../../../Engine/Content/VREditor/Sounds/UI/Click_on_Button_Cue.uasset" 337
"../../../Engine/Content/VREditor/Sounds/UI/Dockable_Window_Close.uasset" 338
"../../../Engine/Content/VREditor/Sounds/UI/Dockable_Window_Drop.uasset" 339
"../../../Engine/Content/VREditor/Sounds/UI/Dockable_Window_Open.uasset" 340
"../../../Engine/Content/VREditor/Sounds/UI/Dockable_Window_Pick_Up.uasset" 341
"../../../Engine/Content/VREditor/Sounds/UI/Drop_Item_From_ContentBrowser.uasset" 342
"../../../Engine/Content/VREditor/Sounds/UI/Floating_UI_Open-001.uasset" 343
"../../../Engine/Content/VREditor/Sounds/UI/Gizmo_Handle_Clicked.uasset" 344
"../../../Engine/Content/VREditor/Sounds/UI/Object_PickUp.uasset" 345
"../../../Engine/Content/VREditor/Sounds/UI/Object_Snaps_To_Another_Actor.uasset" 346
"../../../Engine/Content/VREditor/Sounds/UI/Object_Snaps_To_Grid.uasset" 347
"../../../Engine/Content/VREditor/Sounds/UI/Radial_Menu_FadeOut.uasset" 348
"../../../Engine/Content/VREditor/Sounds/UI/Scaling_Down.uasset" 349
"../../../Engine/Content/VREditor/Sounds/UI/Scaling_Up.uasset" 350
"../../../Engine/Content/VREditor/Sounds/UI/Selection_Changes.uasset" 351
"../../../Engine/Content/VREditor/Sounds/UI/Teleport_Mode_Entered.uasset" 352
"../../../Engine/Content/VREditor/Teleport/TeleportDirectionMaterial.uasset" 353
"../../../Engine/Content/VREditor/Teleport/TeleportDirectionMaterial_Inst.uasset" 354
"../../../Engine/Content/VREditor/Teleport/TeleportDirectionMesh.uasset" 355
"../../../Engine/Content/VREditor/TransformGizmo/BoundingBoxCorner.uasset" 356
"../../../Engine/Content/VREditor/TransformGizmo/BoundingBoxEdge.uasset" 357
"../../../Engine/Content/VREditor/TransformGizmo/PlaneTranslationHandle.uasset" 358
"../../../Engine/Content/VREditor/TransformGizmo/RotationHandleFull.uasset" 359
"../../../Engine/Content/VREditor/TransformGizmo/RotationHandleIndicator.uasset" 360
"../../../Engine/Content/VREditor/TransformGizmo/RotationHandleQuarter.uasset" 361
"../../../Engine/Content/VREditor/TransformGizmo/Main.uasset" 362
"../../../Engine/Content/VREditor/TransformGizmo/Xray.uasset" 363
"../../../Engine/Content/VREditor/TransformGizmo/SM_Dialog_Close.uasset" 364
"../../../Engine/Content/VREditor/TransformGizmo/SM_Dialog_Move.uasset" 365
"../../../Engine/Content/VREditor/TransformGizmo/SM_Sequencer_Key.uasset" 366
"../../../Engine/Content/VREditor/TransformGizmo/SM_Sequencer_Node.uasset" 367
"../../../Engine/Content/VREditor/TransformGizmo/StartRotationHandleIndicator.uasset" 368
"../../../Engine/Content/VREditor/TransformGizmo/TranslucentTransformGizmoMaterial_Inst.uasset" 369
"../../../Engine/Content/VREditor/TransformGizmo/TransformGizmoFreeRotation.uasset" 370
"../../../Engine/Content/VREditor/TransformGizmo/TransformGizmoMaterial_Inst.uasset" 371
"../../../Engine/Content/VREditor/TransformGizmo/TranslateArrowHandle.uasset" 372
"../../../Engine/Content/VREditor/TransformGizmo/UniformScaleHandle.uasset" 373
"../../../Engine/Content/VREditor/UI/KeyDiskMaterial.uasset" 374
"../../../Engine/Content/VREditor/UI/DiscMaterial.uasset" 375
"../../../Engine/Content/VREditor/UI/SM_Radial_Disk.uasset" 376
"../../../Engine/Content/Functions/Engine_MaterialFunctions01/Gradient/RadialGradient.uasset" 377
"../../../Engine/Content/VREditor/WorldMovementGrid/SimpleGrid.uasset" 378
"../../../Engine/Content/VREditor/WorldMovementGrid/GridMaterial.uasset" 379
"../../../Engine/Content/Functions/Engine_MaterialFunctions01/Density/ExponentialDensity.uasset" 380
"../../../Engine/Content/VREditor/WorldMovementGrid/GridPostProcess.uasset" 381
"../../../Engine/Content/EditorLandscapeResources/FlattenHeightMat.uasset" 382
"../../../Engine/Content/VREditor/WorldMovementGrid/PlaneMesh.uasset" 383
"../../../CTFGO/Content/PauseMenu.uasset" 384
"../../../Engine/Plugins/2D/Paper2D/Content/PlaceholderTextures/DummySpriteTexture.uasset" 385
"../../../Engine/Plugins/2D/Paper2D/Content/DummySprite.uasset" 386
"../../../Engine/Plugins/2D/Paper2D/Content/DefaultPaperTerrainMaterial.uasset" 387
"../../../Engine/Plugins/2D/Paper2D/Content/DefaultSpriteMaterial.uasset" 388
"../../../Engine/Plugins/2D/Paper2D/Content/MaskedUnlitSpriteMaterial.uasset" 389
"../../../Engine/Plugins/2D/Paper2D/Content/OpaqueUnlitSpriteMaterial.uasset" 390
"../../../Engine/Plugins/Media/MediaCompositing/Content/DefaultMediaPlaneMaterial.uasset" 391
"../../../Engine/Content/Functions/Engine_MaterialFunctions02/Utility/MakeFloat4.uasset" 392
"../../../Engine/Plugins/Runtime/AppleARKit/Content/ARKitCameraMaterial.uasset" 393
"../../../Engine/Plugins/Runtime/Oculus/OculusVR/Content/Textures/GearVRController_AO.uasset" 394
"../../../Engine/Plugins/Runtime/Oculus/OculusVR/Content/Textures/GearVRController_Color.uasset" 395
"../../../Engine/Plugins/Runtime/Oculus/OculusVR/Content/Textures/GearVRController_Normal.uasset" 396
"../../../Engine/Plugins/Runtime/Oculus/OculusVR/Content/Materials/GearVRControllerMaterial.uasset" 397
"../../../Engine/Plugins/Runtime/Oculus/OculusVR/Content/Meshes/GearVrController.uasset" 398
"../../../Engine/Content/Maps/Entry.umap" 399
"../../../CTFGO/Content/Mannequin/Character/Mesh/UE4_Mannequin_Skeleton.uasset" 400
"../../../CTFGO/Content/Mannequin/Animations/ThirdPerson_Jump.uasset" 401
"../../../CTFGO/Content/Mannequin/Animations/ThirdPersonJump_Loop.uasset" 402
"../../../CTFGO/Content/Mannequin/Animations/ThirdPersonJump_Start.uasset" 403
"../../../CTFGO/Content/Mannequin/Animations/ThirdPersonIdle.uasset" 404
"../../../CTFGO/Content/Mannequin/Animations/ThirdPersonRun.uasset" 405
"../../../CTFGO/Content/Mannequin/Animations/ThirdPersonWalk.uasset" 406
"../../../CTFGO/Content/Mannequin/Animations/ThirdPerson_IdleRun_2D.uasset" 407
"../../../CTFGO/Content/Mannequin/Animations/ThirdPerson_AnimBP.uasset" 408
"../../../CTFGO/Content/AnimStarterPack/UE4_Mannequin/Mesh/UE4_Mannequin_Skeleton.uasset" 409
"../../../CTFGO/Content/AnimStarterPack/Death_2.uasset" 410
"../../../Engine/Content/EditorBlueprintResources/ActorMacros.uasset" 411
"../../../Engine/Content/BasicShapes/Sphere.uasset" 412
"../../../CTFGO/Content/Blueprints/SimpleProjectile.uasset" 413
"../../../CTFGO/Content/HUD.uasset" 414
"../../../Engine/Content/Functions/Engine_MaterialFunctions02/Utility/BlendAngleCorrectedNormals.uasset" 415
"../../../Engine/Content/Functions/MaterialLayerFunctions/MatLayerBlend_NormalBlend.uasset" 416
"../../../Engine/Content/Functions/MaterialLayerFunctions/MatLayerBlend_Simple.uasset" 417
"../../../CTFGO/Content/Mannequin/Character/Materials/MaterialLayers/T_ML_Rubber_Blue_01_D.uasset" 418
"../../../CTFGO/Content/Mannequin/Character/Materials/MaterialLayers/T_ML_Rubber_Blue_01_N.uasset" 419
"../../../CTFGO/Content/Mannequin/Character/Materials/MaterialLayers/ML_GlossyBlack_Latex_UE4.uasset" 420
"../../../CTFGO/Content/Mannequin/Character/Materials/MaterialLayers/ML_Plastic_Shiny_Beige.uasset" 421
"../../../CTFGO/Content/Mannequin/Character/Textures/UE4_LOGO_CARD.uasset" 422
"../../../CTFGO/Content/Mannequin/Character/Materials/MaterialLayers/ML_Plastic_Shiny_Beige_LOGO.uasset" 423
"../../../CTFGO/Content/Mannequin/Character/Materials/MaterialLayers/T_ML_Aluminum01.uasset" 424
"../../../CTFGO/Content/Mannequin/Character/Materials/MaterialLayers/T_ML_Aluminum01_N.uasset" 425
"../../../CTFGO/Content/Mannequin/Character/Materials/MaterialLayers/ML_SoftMetal_UE4.uasset" 426
"../../../CTFGO/Content/Mannequin/Character/Textures/UE4_Mannequin__normals.uasset" 427
"../../../CTFGO/Content/Mannequin/Character/Textures/UE4_Mannequin_MAT_MASKA.uasset" 428
"../../../CTFGO/Content/Mannequin/Character/Materials/M_UE4Man_Body.uasset" 429
"../../../CTFGO/Content/Mannequin/Character/Textures/UE4Man_Logo_N.uasset" 430
"../../../CTFGO/Content/Mannequin/Character/Materials/M_UE4Man_ChestLogo.uasset" 431
"../../../CTFGO/Content/Mannequin/Character/Mesh/SK_Mannequin_PhysicsAsset.uasset" 432
"../../../CTFGO/Content/Mannequin/Character/Mesh/SK_Mannequin.uasset" 433
"../../../CTFGO/Content/ThirdPersonBP/Blueprints/ThirdPersonCharacter.uasset" 434
"../../../Engine/Content/EngineSky/C_Sky_Cloud_Color.uasset" 435
"../../../Engine/Content/EngineSky/C_Sky_Horizon_Color.uasset" 436
"../../../Engine/Content/EngineSky/C_Sky_Zenith_Color.uasset" 437
"../../../Engine/Content/EngineSky/T_Sky_Blue.uasset" 438
"../../../Engine/Content/EngineSky/T_Sky_Clouds_M.uasset" 439
"../../../Engine/Content/EngineSky/T_Sky_Stars.uasset" 440
"../../../Engine/Content/EngineSky/M_Sky_Panning_Clouds2.uasset" 441
"../../../Engine/Content/EngineSky/SM_SkySphere.uasset" 442
"../../../Engine/Content/EngineSky/BP_Sky_Sphere.uasset" 443
"../../../CTFGO/Content/StarterContent/Props/MaterialSphere.uasset" 444
"../../../CTFGO/Content/Blueprints/TestSphere.uasset" 445
"../../../CTFGO/Content/ThirdPersonBP/Blueprints/ThirdPersonGameMode.uasset" 446
"../../../CTFGO/Content/StarterContent/Materials/M_Basic_Wall.uasset" 447
"../../../CTFGO/Content/StarterContent/Textures/T_Brick_Clay_Beveled_D.uasset" 448
"../../../CTFGO/Content/StarterContent/Textures/T_Brick_Clay_Beveled_M.uasset" 449
"../../../CTFGO/Content/StarterContent/Textures/T_Brick_Clay_Beveled_N.uasset" 450
"../../../CTFGO/Content/StarterContent/Textures/T_MacroVariation.uasset" 451
"../../../CTFGO/Content/StarterContent/Materials/M_Brick_Clay_Beveled.uasset" 452
"../../../CTFGO/Content/StarterContent/Textures/T_Brick_Clay_Old_D.uasset" 453
"../../../CTFGO/Content/StarterContent/Textures/T_Brick_Clay_Old_N.uasset" 454
"../../../CTFGO/Content/StarterContent/Textures/T_Perlin_Noise_M.uasset" 455
"../../../CTFGO/Content/StarterContent/Materials/M_Brick_Clay_Old.uasset" 456
"../../../CTFGO/Content/StarterContent/Textures/T_Lamp_M.uasset" 457
"../../../CTFGO/Content/StarterContent/Textures/T_Lamp_N.uasset" 458
"../../../CTFGO/Content/StarterContent/Props/Materials/M_Lamp.uasset" 459
"../../../CTFGO/Content/ThirdPerson/Meshes/RampMaterial.uasset" 460
"../../../CTFGO/Content/Geometry/Meshes/CubeMaterial.uasset" 461
"../../../CTFGO/Content/Geometry/Meshes/1M_Cube.uasset" 462
"../../../CTFGO/Content/Geometry/Meshes/1M_Cube_Chamfer.uasset" 463
"../../../CTFGO/Content/Geometry/Meshes/TemplateFloor.uasset" 464
"../../../CTFGO/Content/zilean-blood-moon.uasset" 465
"../../../CTFGO/Content/MainMenu.uasset" 466
"../../../CTFGO/Content/StarterContent/Textures/T_Bush_D.uasset" 467
"../../../CTFGO/Content/StarterContent/Textures/T_Bush_N.uasset" 468
"../../../CTFGO/Content/StarterContent/Props/Materials/M_Bush.uasset" 469
"../../../CTFGO/Content/StarterContent/Props/SM_Bush.uasset" 470
"../../../CTFGO/Content/StarterContent/Textures/T_Chair_M.uasset" 471
"../../../CTFGO/Content/StarterContent/Textures/T_Chair_N.uasset" 472
"../../../CTFGO/Content/StarterContent/Props/Materials/M_Chair.uasset" 473
"../../../CTFGO/Content/StarterContent/Props/SM_Couch.uasset" 474
"../../../CTFGO/Content/StarterContent/Materials/M_Glass.uasset" 475
"../../../CTFGO/Content/StarterContent/Textures/T_Door_M.uasset" 476
"../../../CTFGO/Content/StarterContent/Textures/T_Door_N.uasset" 477
"../../../CTFGO/Content/StarterContent/Props/Materials/M_Door.uasset" 478
"../../../CTFGO/Content/StarterContent/Props/SM_Door.uasset" 479
"../../../CTFGO/Content/StarterContent/Textures/T_Frame_M.uasset" 480
"../../../CTFGO/Content/StarterContent/Textures/T_Frame_N.uasset" 481
"../../../CTFGO/Content/StarterContent/Props/Materials/M_Frame.uasset" 482
"../../../CTFGO/Content/StarterContent/Props/SM_DoorFrame.uasset" 483
"../../../CTFGO/Content/StarterContent/Textures/T_Detail_Rocky_N.uasset" 484
"../../../CTFGO/Content/StarterContent/Textures/T_Rock_Basalt_D.uasset" 485
"../../../CTFGO/Content/StarterContent/Textures/T_RockMesh_M.uasset" 486
"../../../CTFGO/Content/StarterContent/Textures/T_RockMesh_N.uasset" 487
"../../../CTFGO/Content/StarterContent/Props/Materials/M_Rock.uasset" 488
"../../../CTFGO/Content/StarterContent/Props/SM_Rock.uasset" 489
"../../../CTFGO/Content/StarterContent/Textures/T_Shelf_M.uasset" 490
"../../../CTFGO/Content/StarterContent/Textures/T_Shelf_N.uasset" 491
"../../../CTFGO/Content/StarterContent/Props/Materials/M_Shelf.uasset" 492
"../../../CTFGO/Content/StarterContent/Props/SM_Shelf.uasset" 493
"../../../CTFGO/Content/ThirdPerson/Meshes/Bump_StaticMesh.uasset" 494
"../../../CTFGO/Content/ThirdPerson/Meshes/LeftArm_StaticMesh.uasset" 495
"../../../CTFGO/Content/ThirdPerson/Meshes/Linear_Stair_StaticMesh.uasset" 496
"../../../CTFGO/Content/ThirdPerson/Meshes/Ramp_StaticMesh.uasset" 497
"../../../CTFGO/Content/ThirdPerson/Meshes/RightArm_StaticMesh.uasset" 498
"../../../CTFGO/Content/ThirdPersonBP/Maps/ThirdPersonExampleMap.umap" 499
"../../../CTFGO/Content/main_BuiltData.uasset" 500
"../../../CTFGO/Content/main.umap" 501
